NOTE: Picked up JDK_JAVA_OPTIONS:  --add-opens=java.base/java.lang=ALL-UNNAMED --add-opens=java.base/java.io=ALL-UNNAMED --add-opens=java.base/java.util=ALL-UNNAMED --add-opens=java.base/java.util.concurrent=ALL-UNNAMED --add-opens=java.rmi/sun.rmi.transport=ALL-UNNAMED
28-Feb-2025 19:50:43.208 INFO [main] org.apache.catalina.startup.VersionLoggerListener.log 서버 버전 이름:    Apache Tomcat/9.0.100
28-Feb-2025 19:50:43.210 INFO [main] org.apache.catalina.startup.VersionLoggerListener.log Server 빌드 시각:  Feb 13 2025 11:29:56 UTC
28-Feb-2025 19:50:43.210 INFO [main] org.apache.catalina.startup.VersionLoggerListener.log Server 버전 번호:  9.0.100.0
28-Feb-2025 19:50:43.210 INFO [main] org.apache.catalina.startup.VersionLoggerListener.log 운영체제 이름:     Mac OS X
28-Feb-2025 19:50:43.210 INFO [main] org.apache.catalina.startup.VersionLoggerListener.log 운영체제 버전:     15.2
28-Feb-2025 19:50:43.210 INFO [main] org.apache.catalina.startup.VersionLoggerListener.log 아키텍처:          aarch64
28-Feb-2025 19:50:43.210 INFO [main] org.apache.catalina.startup.VersionLoggerListener.log 자바 홈:           /Library/Java/JavaVirtualMachines/jdk-17.jdk/Contents/Home
28-Feb-2025 19:50:43.210 INFO [main] org.apache.catalina.startup.VersionLoggerListener.log JVM 버전:          17.0.12+8-LTS-286
28-Feb-2025 19:50:43.210 INFO [main] org.apache.catalina.startup.VersionLoggerListener.log JVM 벤더:          Oracle Corporation
28-Feb-2025 19:50:43.210 INFO [main] org.apache.catalina.startup.VersionLoggerListener.log CATALINA_BASE:     /Users/choisohyun/_JSP2025/apache-tomcat-9.0.100
28-Feb-2025 19:50:43.210 INFO [main] org.apache.catalina.startup.VersionLoggerListener.log CATALINA_HOME:     /Users/choisohyun/_JSP2025/apache-tomcat-9.0.100
28-Feb-2025 19:50:43.221 INFO [main] org.apache.catalina.startup.VersionLoggerListener.log 명령 행 아규먼트:  --add-opens=java.base/java.lang=ALL-UNNAMED
28-Feb-2025 19:50:43.221 INFO [main] org.apache.catalina.startup.VersionLoggerListener.log 명령 행 아규먼트:  --add-opens=java.base/java.io=ALL-UNNAMED
28-Feb-2025 19:50:43.221 INFO [main] org.apache.catalina.startup.VersionLoggerListener.log 명령 행 아규먼트:  --add-opens=java.base/java.util=ALL-UNNAMED
28-Feb-2025 19:50:43.221 INFO [main] org.apache.catalina.startup.VersionLoggerListener.log 명령 행 아규먼트:  --add-opens=java.base/java.util.concurrent=ALL-UNNAMED
28-Feb-2025 19:50:43.221 INFO [main] org.apache.catalina.startup.VersionLoggerListener.log 명령 행 아규먼트:  --add-opens=java.rmi/sun.rmi.transport=ALL-UNNAMED
28-Feb-2025 19:50:43.221 INFO [main] org.apache.catalina.startup.VersionLoggerListener.log 명령 행 아규먼트:  -Djava.util.logging.config.file=/Users/choisohyun/_JSP2025/apache-tomcat-9.0.100/conf/logging.properties
28-Feb-2025 19:50:43.221 INFO [main] org.apache.catalina.startup.VersionLoggerListener.log 명령 행 아규먼트:  -Djava.util.logging.manager=org.apache.juli.ClassLoaderLogManager
28-Feb-2025 19:50:43.221 INFO [main] org.apache.catalina.startup.VersionLoggerListener.log 명령 행 아규먼트:  -Djdk.tls.ephemeralDHKeySize=2048
28-Feb-2025 19:50:43.221 INFO [main] org.apache.catalina.startup.VersionLoggerListener.log 명령 행 아규먼트:  -Djava.protocol.handler.pkgs=org.apache.catalina.webresources
28-Feb-2025 19:50:43.221 INFO [main] org.apache.catalina.startup.VersionLoggerListener.log 명령 행 아규먼트:  -Dsun.io.useCanonCaches=false
28-Feb-2025 19:50:43.221 INFO [main] org.apache.catalina.startup.VersionLoggerListener.log 명령 행 아규먼트:  -Dorg.apache.catalina.security.SecurityListener.UMASK=0027
28-Feb-2025 19:50:43.221 INFO [main] org.apache.catalina.startup.VersionLoggerListener.log 명령 행 아규먼트:  -Dignore.endorsed.dirs=
28-Feb-2025 19:50:43.221 INFO [main] org.apache.catalina.startup.VersionLoggerListener.log 명령 행 아규먼트:  -Dcatalina.base=/Users/choisohyun/_JSP2025/apache-tomcat-9.0.100
28-Feb-2025 19:50:43.221 INFO [main] org.apache.catalina.startup.VersionLoggerListener.log 명령 행 아규먼트:  -Dcatalina.home=/Users/choisohyun/_JSP2025/apache-tomcat-9.0.100
28-Feb-2025 19:50:43.221 INFO [main] org.apache.catalina.startup.VersionLoggerListener.log 명령 행 아규먼트:  -Djava.io.tmpdir=/Users/choisohyun/_JSP2025/apache-tomcat-9.0.100/temp
28-Feb-2025 19:50:43.225 INFO [main] org.apache.catalina.core.AprLifecycleListener.lifecycleEvent 프로덕션 환경들에서 최적의 성능을 제공하는, APR 기반 Apache Tomcat Native 라이브러리가, 다음 java.library.path에서 발견되지 않습니다: [/Users/choisohyun/Library/Java/Extensions:/Library/Java/Extensions:/Network/Library/Java/Extensions:/System/Library/Java/Extensions:/usr/lib/java:.]
28-Feb-2025 19:50:43.331 INFO [main] org.apache.coyote.AbstractProtocol.init 프로토콜 핸들러 ["http-nio-8080"]을(를) 초기화합니다.
28-Feb-2025 19:50:43.348 INFO [main] org.apache.catalina.startup.Catalina.load [214] 밀리초 내에 서버가 초기화되었습니다.
28-Feb-2025 19:50:43.365 INFO [main] org.apache.catalina.core.StandardService.startInternal 서비스 [Catalina]을(를) 시작합니다.
28-Feb-2025 19:50:43.365 INFO [main] org.apache.catalina.core.StandardEngine.startInternal 서버 엔진을 시작합니다: [Apache Tomcat/9.0.100]
28-Feb-2025 19:50:43.367 INFO [main] org.apache.catalina.startup.HostConfig.deployDirectory 웹 애플리케이션 디렉토리 [/Users/choisohyun/_JSP2025/apache-tomcat-9.0.100/webapps/docs]을(를) 배치합니다.
28-Feb-2025 19:50:43.475 INFO [main] org.apache.catalina.startup.HostConfig.deployDirectory 웹 애플리케이션 디렉토리 [/Users/choisohyun/_JSP2025/apache-tomcat-9.0.100/webapps/docs]에 대한 배치가 [107] 밀리초에 완료되었습니다.
28-Feb-2025 19:50:43.476 INFO [main] org.apache.catalina.startup.HostConfig.deployDirectory 웹 애플리케이션 디렉토리 [/Users/choisohyun/_JSP2025/apache-tomcat-9.0.100/webapps/manager]을(를) 배치합니다.
28-Feb-2025 19:50:43.488 INFO [main] org.apache.catalina.startup.HostConfig.deployDirectory 웹 애플리케이션 디렉토리 [/Users/choisohyun/_JSP2025/apache-tomcat-9.0.100/webapps/manager]에 대한 배치가 [12] 밀리초에 완료되었습니다.
28-Feb-2025 19:50:43.488 INFO [main] org.apache.catalina.startup.HostConfig.deployDirectory 웹 애플리케이션 디렉토리 [/Users/choisohyun/_JSP2025/apache-tomcat-9.0.100/webapps/examples]을(를) 배치합니다.
28-Feb-2025 19:50:43.564 INFO [main] org.apache.catalina.startup.HostConfig.deployDirectory 웹 애플리케이션 디렉토리 [/Users/choisohyun/_JSP2025/apache-tomcat-9.0.100/webapps/examples]에 대한 배치가 [76] 밀리초에 완료되었습니다.
28-Feb-2025 19:50:43.565 INFO [main] org.apache.catalina.startup.HostConfig.deployDirectory 웹 애플리케이션 디렉토리 [/Users/choisohyun/_JSP2025/apache-tomcat-9.0.100/webapps/ROOT]을(를) 배치합니다.
28-Feb-2025 19:50:43.571 INFO [main] org.apache.catalina.startup.HostConfig.deployDirectory 웹 애플리케이션 디렉토리 [/Users/choisohyun/_JSP2025/apache-tomcat-9.0.100/webapps/ROOT]에 대한 배치가 [6] 밀리초에 완료되었습니다.
28-Feb-2025 19:50:43.571 INFO [main] org.apache.catalina.startup.HostConfig.deployDirectory 웹 애플리케이션 디렉토리 [/Users/choisohyun/_JSP2025/apache-tomcat-9.0.100/webapps/host-manager]을(를) 배치합니다.
28-Feb-2025 19:50:43.578 INFO [main] org.apache.catalina.startup.HostConfig.deployDirectory 웹 애플리케이션 디렉토리 [/Users/choisohyun/_JSP2025/apache-tomcat-9.0.100/webapps/host-manager]에 대한 배치가 [7] 밀리초에 완료되었습니다.
28-Feb-2025 19:50:43.580 INFO [main] org.apache.coyote.AbstractProtocol.start 프로토콜 핸들러 ["http-nio-8080"]을(를) 시작합니다.
28-Feb-2025 19:50:43.585 INFO [main] org.apache.catalina.startup.Catalina.start 서버가 [237] 밀리초 내에 시작되었습니다.
28-Feb-2025 19:54:57.833 INFO [main] org.apache.catalina.core.StandardServer.await 셧다운 포트를 통해 유효한 셧다운 명령을 받았습니다. 서버 인스턴스를 중지시킵니다.
28-Feb-2025 19:54:57.834 INFO [main] org.apache.coyote.AbstractProtocol.pause 프로토콜 핸들러 ["http-nio-8080"]을(를) 일시 정지 중
28-Feb-2025 19:54:57.835 INFO [main] org.apache.catalina.core.StandardService.stopInternal 서비스 [Catalina]을(를) 중지시킵니다.
28-Feb-2025 19:54:57.842 INFO [main] org.apache.coyote.AbstractProtocol.stop 프로토콜 핸들러 ["http-nio-8080"]을(를) 중지시킵니다.
28-Feb-2025 19:54:57.844 INFO [main] org.apache.coyote.AbstractProtocol.destroy 프로토콜 핸들러 ["http-nio-8080"]을(를) 소멸시킵니다.
